<?xml version="1.0" encoding="UTF-8"?>
<testng-results ignored="0" total="1" passed="1" failed="0" skipped="0">
  <reporter-output>
  </reporter-output>
  <suite started-at="2026-03-15T18:02:34 IST" name="Automation Practice Suite" finished-at="2026-03-15T18:02:42 IST" duration-ms="8707">
    <groups>
    </groups>
    <test started-at="2026-03-15T18:02:34 IST" name="Login Tests" finished-at="2026-03-15T18:02:42 IST" duration-ms="8707">
      <class name="authentication.LoginTest">
        <test-method is-config="true" signature="setUp(java.lang.String)[pri:0, instance:authentication.LoginTest@1d7f7be7]" started-at="2026-03-15T18:02:34 IST" name="setUp" finished-at="2026-03-15T18:02:40 IST" duration-ms="5938" status="PASS">
          <params>
            <param index="0">
              <value>
                <![CDATA[edge]]>
              </value>
            </param>
          </params>
          <reporter-output>
          </reporter-output>
        </test-method> <!-- setUp -->
        <test-method signature="verifyLogin()[pri:0, instance:authentication.LoginTest@1d7f7be7]" started-at="2026-03-15T18:02:40 IST" name="verifyLogin" finished-at="2026-03-15T18:02:42 IST" duration-ms="2683" status="PASS">
          <reporter-output>
          </reporter-output>
        </test-method> <!-- verifyLogin -->
      </class> <!-- authentication.LoginTest -->
    </test> <!-- Login Tests -->
  </suite> <!-- Automation Practice Suite -->
</testng-results>
